# JRE version: Java(TM) SE Runtime Environment (24.0.1+9) (build 24.0.1+9-30)
# Java VM: Java HotSpot(TM) 64-Bit Server VM (24.0.1+9-30, mixed mode, sharing, tiered, compressed oops, compressed class ptrs, g1 gc, windows-amd64)
GC Precious Log:
 CardTable entry size: 512
 Card Set container configuration: InlinePtr #cards 5 size 8 Array Of Cards #cards 10 size 36 Howl #buckets 4 coarsen threshold 1843 Howl Bitmap #cards 512 size 80 coarsen threshold 460 Card regions per heap region 1 cards per card region 2048
 CPUs: 16 total, 16 available
 Memory: 15557M
 Large Page Support: Disabled
 NUMA Support: Disabled
 Compressed Oops: Enabled (32-bit)
 Heap Region Size: 1M
 Heap Min Capacity: 64M
 Heap Initial Capacity: 64M
 Heap Max Capacity: 256M
 Pre-touch: Disabled
 Parallel Workers: 13
 Concurrent Workers: 3
 Concurrent Refinement Workers: 13
 Periodic GC: Disabled
Heap:
 garbage-first heap   total reserved 262144K, committed 65536K, used 36864K [0x00000000f0000000, 0x0000000100000000)
  region size 1024K, 18 young (18432K), 5 survivors (5120K)
 Metaspace       used 45840K, committed 46336K, reserved 1114112K
  class space    used 4715K, committed 4928K, reserved 1048576K
GC Heap History (20 events):
Event: 3.673 GC heap before
{Heap before GC invocations=2 (full 0):
 garbage-first heap   total reserved 262144K, committed 67584K, used 38040K [0x00000000f0000000, 0x0000000100000000)
  region size 1024K, 35 young (35840K), 2 survivors (2048K)
 Metaspace       used 12816K, committed 13056K, reserved 1114112K
  class space    used 1410K, committed 1536K, reserved 1048576K
}
Event: 3.676 GC heap after
{Heap after GC invocations=3 (full 0):
 garbage-first heap   total reserved 262144K, committed 67584K, used 6291K [0x00000000f0000000, 0x0000000100000000)
  region size 1024K, 3 young (3072K), 3 survivors (3072K)
 Metaspace       used 12816K, committed 13056K, reserved 1114112K
  class space    used 1410K, committed 1536K, reserved 1048576K
}
Event: 4.477 GC heap before
{Heap before GC invocations=3 (full 0):
 garbage-first heap   total reserved 262144K, committed 67584K, used 41107K [0x00000000f0000000, 0x0000000100000000)
  region size 1024K, 38 young (38912K), 3 survivors (3072K)
 Metaspace       used 16310K, committed 16576K, reserved 1114112K
  class space    used 1679K, committed 1792K, reserved 1048576K
}
Event: 4.482 GC heap after
{Heap after GC invocations=4 (full 0):
 garbage-first heap   total reserved 262144K, committed 67584K, used 7806K [0x00000000f0000000, 0x0000000100000000)
  region size 1024K, 5 young (5120K), 5 survivors (5120K)
 Metaspace       used 16310K, committed 16576K, reserved 1114112K
  class space    used 1679K, committed 1792K, reserved 1048576K
}
Event: 5.529 GC heap before
{Heap before GC invocations=4 (full 0):
 garbage-first heap   total reserved 262144K, committed 67584K, used 41598K [0x00000000f0000000, 0x0000000100000000)
  region size 1024K, 38 young (38912K), 5 survivors (5120K)
 Metaspace       used 20019K, committed 20352K, reserved 1114112K
  class space    used 2010K, committed 2176K, reserved 1048576K
}
Event: 5.535 GC heap after
{Heap after GC invocations=5 (full 0):
 garbage-first heap   total reserved 262144K, committed 67584K, used 10037K [0x00000000f0000000, 0x0000000100000000)
  region size 1024K, 4 young (4096K), 4 survivors (4096K)
 Metaspace       used 20019K, committed 20352K, reserved 1114112K
  class space    used 2010K, committed 2176K, reserved 1048576K
}
Event: 5.883 GC heap before
{Heap before GC invocations=5 (full 0):
 garbage-first heap   total reserved 262144K, committed 67584K, used 18229K [0x00000000f0000000, 0x0000000100000000)
  region size 1024K, 13 young (13312K), 4 survivors (4096K)
 Metaspace       used 21252K, committed 21504K, reserved 1114112K
  class space    used 2167K, committed 2304K, reserved 1048576K
}
Event: 5.887 GC heap after
{Heap after GC invocations=6 (full 0):
 garbage-first heap   total reserved 262144K, committed 67584K, used 10167K [0x00000000f0000000, 0x0000000100000000)
  region size 1024K, 3 young (3072K), 3 survivors (3072K)
 Metaspace       used 21252K, committed 21504K, reserved 1114112K
  class space    used 2167K, committed 2304K, reserved 1048576K
}
Event: 7.506 GC heap before
{Heap before GC invocations=7 (full 0):
 garbage-first heap   total reserved 262144K, committed 65536K, used 46007K [0x00000000f0000000, 0x0000000100000000)
  region size 1024K, 38 young (38912K), 3 survivors (3072K)
 Metaspace       used 25113K, committed 25472K, reserved 1114112K
  class space    used 2600K, committed 2752K, reserved 1048576K
}
Event: 7.513 GC heap after
{Heap after GC invocations=8 (full 0):
 garbage-first heap   total reserved 262144K, committed 65536K, used 13096K [0x00000000f0000000, 0x0000000100000000)
  region size 1024K, 4 young (4096K), 4 survivors (4096K)
 Metaspace       used 25113K, committed 25472K, reserved 1114112K
  class space    used 2600K, committed 2752K, reserved 1048576K
}
Event: 9.168 GC heap before
{Heap before GC invocations=8 (full 0):
 garbage-first heap   total reserved 262144K, committed 65536K, used 46888K [0x00000000f0000000, 0x0000000100000000)
  region size 1024K, 38 young (38912K), 4 survivors (4096K)
 Metaspace       used 28815K, committed 29248K, reserved 1114112K
  class space    used 3010K, committed 3200K, reserved 1048576K
}
Event: 9.178 GC heap after
{Heap after GC invocations=9 (full 0):
 garbage-first heap   total reserved 262144K, committed 65536K, used 14839K [0x00000000f0000000, 0x0000000100000000)
  region size 1024K, 5 young (5120K), 5 survivors (5120K)
 Metaspace       used 28815K, committed 29248K, reserved 1114112K
  class space    used 3010K, committed 3200K, reserved 1048576K
}
Event: 10.251 GC heap before
{Heap before GC invocations=9 (full 0):
 garbage-first heap   total reserved 262144K, committed 65536K, used 48631K [0x00000000f0000000, 0x0000000100000000)
  region size 1024K, 38 young (38912K), 5 survivors (5120K)
 Metaspace       used 32565K, committed 32960K, reserved 1114112K
  class space    used 3386K, committed 3584K, reserved 1048576K
}
Event: 10.263 GC heap after
{Heap after GC invocations=10 (full 0):
 garbage-first heap   total reserved 262144K, committed 65536K, used 16717K [0x00000000f0000000, 0x0000000100000000)
  region size 1024K, 4 young (4096K), 4 survivors (4096K)
 Metaspace       used 32565K, committed 32960K, reserved 1114112K
  class space    used 3386K, committed 3584K, reserved 1048576K
}
Event: 10.765 GC heap before
{Heap before GC invocations=10 (full 0):
 garbage-first heap   total reserved 262144K, committed 65536K, used 39245K [0x00000000f0000000, 0x0000000100000000)
  region size 1024K, 26 young (26624K), 4 survivors (4096K)
 Metaspace       used 35636K, committed 35968K, reserved 1114112K
  class space    used 3707K, committed 3840K, reserved 1048576K
}
Event: 10.769 GC heap after
{Heap after GC invocations=11 (full 0):
 garbage-first heap   total reserved 262144K, committed 65536K, used 19911K [0x00000000f0000000, 0x0000000100000000)
  region size 1024K, 4 young (4096K), 4 survivors (4096K)
 Metaspace       used 35636K, committed 35968K, reserved 1114112K
  class space    used 3707K, committed 3840K, reserved 1048576K
}
Event: 12.306 GC heap before
{Heap before GC invocations=12 (full 0):
 garbage-first heap   total reserved 262144K, committed 65536K, used 54727K [0x00000000f0000000, 0x0000000100000000)
  region size 1024K, 38 young (38912K), 4 survivors (4096K)
 Metaspace       used 40143K, committed 40576K, reserved 1114112K
  class space    used 4185K, committed 4352K, reserved 1048576K
}
Event: 12.311 GC heap after
{Heap after GC invocations=13 (full 0):
 garbage-first heap   total reserved 262144K, committed 65536K, used 21816K [0x00000000f0000000, 0x0000000100000000)
  region size 1024K, 4 young (4096K), 4 survivors (4096K)
 Metaspace       used 40143K, committed 40576K, reserved 1114112K
  class space    used 4185K, committed 4352K, reserved 1048576K
}
Event: 14.754 GC heap before
{Heap before GC invocations=13 (full 0):
 garbage-first heap   total reserved 262144K, committed 65536K, used 55608K [0x00000000f0000000, 0x0000000100000000)
  region size 1024K, 37 young (37888K), 4 survivors (4096K)
 Metaspace       used 45026K, committed 45568K, reserved 1114112K
  class space    used 4623K, committed 4864K, reserved 1048576K
}
Event: 15.117 GC heap after
{Heap after GC invocations=14 (full 0):
 garbage-first heap   total reserved 262144K, committed 65536K, used 24576K [0x00000000f0000000, 0x0000000100000000)
  region size 1024K, 5 young (5120K), 5 survivors (5120K)
 Metaspace       used 45026K, committed 45568K, reserved 1114112K
  class space    used 4623K, committed 4864K, reserved 1048576K
}

