# JRE version: Java(TM) SE Runtime Environment (24.0.1+9) (build 24.0.1+9-30)
# Java VM: Java HotSpot(TM) 64-Bit Server VM (24.0.1+9-30, mixed mode, sharing, tiered, compressed oops, compressed class ptrs, serial gc, windows-amd64)
GC Precious Log:
 CardTable entry size: 512
 CPUs: 16 total, 16 available
 Memory: 15557M
 Large Page Support: Disabled
 NUMA Support: Disabled
 Compressed Oops: Enabled (32-bit)
 Heap Min Capacity: 8M
 Heap Initial Capacity: 128M
 Heap Max Capacity: 128M
 Pre-touch: Disabled
Heap:
 DefNew     total 39296K, used 17663K [0x00000000f8000000, 0x00000000faaa0000, 0x00000000faaa0000)
  eden space 34944K,  42% used [0x00000000f8000000, 0x00000000f8e65768, 0x00000000fa220000)
  from space 4352K,  67% used [0x00000000fa220000, 0x00000000fa4fa7a8, 0x00000000fa660000)
  to   space 4352K,   0% used [0x00000000fa660000, 0x00000000fa660000, 0x00000000faaa0000)
 Tenured    total 87424K, used 4306K [0x00000000faaa0000, 0x0000000100000000, 0x0000000100000000)
   the space 87424K,   4% used [0x00000000faaa0000, 0x00000000faed4918, 0x0000000100000000)
 Metaspace       used 15260K, committed 15552K, reserved 180224K
  class space    used 1495K, committed 1600K, reserved 114688K
GC Heap History (4 events):
Event: 5.979 GC heap before
{Heap before GC invocations=0 (full 0):
 DefNew     total 39296K, used 34944K [0x00000000f8000000, 0x00000000faaa0000, 0x00000000faaa0000)
  eden space 34944K, 100% used [0x00000000f8000000, 0x00000000fa220000, 0x00000000fa220000)
  from space 4352K,   0% used [0x00000000fa220000, 0x00000000fa220000, 0x00000000fa660000)
  to   space 4352K,   0% used [0x00000000fa660000, 0x00000000fa660000, 0x00000000faaa0000)
 Tenured    total 87424K, used 1140K [0x00000000faaa0000, 0x0000000100000000, 0x0000000100000000)
   the space 87424K,   1% used [0x00000000faaa0000, 0x00000000fabbd1c0, 0x0000000100000000)
 Metaspace       used 6902K, committed 7104K, reserved 180224K
  class space    used 609K, committed 704K, reserved 114688K
}
Event: 5.988 GC heap after
{Heap after GC invocations=1 (full 0):
 DefNew     total 39296K, used 3428K [0x00000000f8000000, 0x00000000faaa0000, 0x00000000faaa0000)
  eden space 34944K,   0% used [0x00000000f8000000, 0x00000000f8000000, 0x00000000fa220000)
  from space 4352K,  78% used [0x00000000fa660000, 0x00000000fa9b90f8, 0x00000000faaa0000)
  to   space 4352K,   0% used [0x00000000fa220000, 0x00000000fa220000, 0x00000000fa660000)
 Tenured    total 87424K, used 1140K [0x00000000faaa0000, 0x0000000100000000, 0x0000000100000000)
   the space 87424K,   1% used [0x00000000faaa0000, 0x00000000fabbd1c0, 0x0000000100000000)
 Metaspace       used 6902K, committed 7104K, reserved 180224K
  class space    used 609K, committed 704K, reserved 114688K
}
Event: 7.692 GC heap before
{Heap before GC invocations=1 (full 0):
 DefNew     total 39296K, used 38372K [0x00000000f8000000, 0x00000000faaa0000, 0x00000000faaa0000)
  eden space 34944K, 100% used [0x00000000f8000000, 0x00000000fa220000, 0x00000000fa220000)
  from space 4352K,  78% used [0x00000000fa660000, 0x00000000fa9b90f8, 0x00000000faaa0000)
  to   space 4352K,   0% used [0x00000000fa220000, 0x00000000fa220000, 0x00000000fa660000)
 Tenured    total 87424K, used 1140K [0x00000000faaa0000, 0x0000000100000000, 0x0000000100000000)
   the space 87424K,   1% used [0x00000000faaa0000, 0x00000000fabbd1c0, 0x0000000100000000)
 Metaspace       used 13513K, committed 13824K, reserved 180224K
  class space    used 1322K, committed 1472K, reserved 114688K
}
Event: 7.702 GC heap after
{Heap after GC invocations=2 (full 0):
 DefNew     total 39296K, used 2921K [0x00000000f8000000, 0x00000000faaa0000, 0x00000000faaa0000)
  eden space 34944K,   0% used [0x00000000f8000000, 0x00000000f8000000, 0x00000000fa220000)
  from space 4352K,  67% used [0x00000000fa220000, 0x00000000fa4fa7a8, 0x00000000fa660000)
  to   space 4352K,   0% used [0x00000000fa660000, 0x00000000fa660000, 0x00000000faaa0000)
 Tenured    total 87424K, used 4306K [0x00000000faaa0000, 0x0000000100000000, 0x0000000100000000)
   the space 87424K,   4% used [0x00000000faaa0000, 0x00000000faed4918, 0x0000000100000000)
 Metaspace       used 13513K, committed 13824K, reserved 180224K
  class space    used 1322K, committed 1472K, reserved 114688K
}

